<?xml version="1.0" encoding="UTF-8"?>
<!-- Generated by org.testng.reporters.JUnitReportReporter -->
<testsuite skipped="0" hostname="5CG8292MRC" name="Parallel01IT" tests="1" failures="0" timestamp="15 Jul 2021 09:16:19 GMT" time="35.453" errors="0">
  <testcase name="feature" time="35.453" classname="Parallel01IT"/>
</testsuite> <!-- Parallel01IT -->
